<?xml version="1.0" encoding="UTF-8"?>
<!-- Generated by org.testng.reporters.JUnitReportReporter -->
<testsuite hostname="ELCNOTE" name="GoogleTest" tests="1" failures="0" timestamp="14 Aug 2014 14:13:27 GMT" time="6.163" errors="0">
  <testcase name="verifySearch" time="6.163" classname="GoogleTest"/>
</testsuite> <!-- GoogleTest -->
